/render/scene.py:234: DeprecationWarning: This method is not guaranteed to stay around. Please prefer setting the attribute normally or with Mobject.set().
  self.divider = Line(LEFT, RIGHT, color=VisualGrammar.colors["accent"]).set_width(self.content_group.width + 1)

Animation 0: FadeIn(TitleCard of 2 submobjects):   0%|          | 0/15 [00:00<?, ?it/s]
Animation 0: FadeIn(TitleCard of 2 submobjects):  20%|██        | 3/15 [00:00<00:00, 27.60it/s]
Animation 0: FadeIn(TitleCard of 2 submobjects):  40%|████      | 6/15 [00:00<00:00, 22.74it/s]
Animation 0: FadeIn(TitleCard of 2 submobjects):  67%|██████▋   | 10/15 [00:00<00:00, 26.63it/s]
Animation 0: FadeIn(TitleCard of 2 submobjects):  93%|█████████▎| 14/15 [00:00<00:00, 29.73it/s]
                                                                                                

Animation 1: FadeIn(NeuralNetworkDiagram of 2 submobjects):   0%|          | 0/15 [00:00<?, ?it/s]
Animation 1: FadeIn(NeuralNetworkDiagram of 2 submobjects):  20%|██        | 3/15 [00:00<00:00, 26.31it/s]
Animation 1: FadeIn(NeuralNetworkDiagram of 2 submobjects):  53%|█████▎    | 8/15 [00:00<00:00, 39.10it/s]
Animation 1: FadeIn(NeuralNetworkDiagram of 2 submobjects):  93%|█████████▎| 14/15 [00:00<00:00, 46.13it/s]
                                                                                                           

Animation 2: Create(VGroup of 4 submobjects), etc.:   0%|          | 0/15 [00:00<?, ?it/s]
Animation 2: Create(VGroup of 4 submobjects), etc.:  20%|██        | 3/15 [00:00<00:00, 27.22it/s]
Animation 2: Create(VGroup of 4 submobjects), etc.:  53%|█████▎    | 8/15 [00:00<00:00, 38.74it/s]
Animation 2: Create(VGroup of 4 submobjects), etc.:  93%|█████████▎| 14/15 [00:00<00:00, 48.01it/s]
                                                                                                   

Animation 4: Wiggle(VGroup of 4 submobjects):   0%|          | 0/30 [00:00<?, ?it/s]
Animation 4: Wiggle(VGroup of 4 submobjects):   7%|▋         | 2/30 [00:00<00:01, 16.48it/s]
Animation 4: Wiggle(VGroup of 4 submobjects):  13%|█▎        | 4/30 [00:00<00:01, 17.32it/s]
Animation 4: Wiggle(VGroup of 4 submobjects):  30%|███       | 9/30 [00:00<00:00, 30.03it/s]
Animation 4: Wiggle(VGroup of 4 submobjects):  43%|████▎     | 13/30 [00:00<00:00, 33.54it/s]
Animation 4: Wiggle(VGroup of 4 submobjects):  57%|█████▋    | 17/30 [00:00<00:00, 30.24it/s]
Animation 4: Wiggle(VGroup of 4 submobjects):  70%|███████   | 21/30 [00:00<00:00, 31.75it/s]
Animation 4: Wiggle(VGroup of 4 submobjects):  87%|████████▋ | 26/30 [00:00<00:00, 35.32it/s]
                                                                                             

Animation 6: Wiggle(VGroup of 4 submobjects):   0%|          | 0/30 [00:00<?, ?it/s]
Animation 6: Wiggle(VGroup of 4 submobjects):  10%|█         | 3/30 [00:00<00:01, 21.29it/s]
Animation 6: Wiggle(VGroup of 4 submobjects):  27%|██▋       | 8/30 [00:00<00:00, 33.70it/s]
Animation 6: Wiggle(VGroup of 4 submobjects):  43%|████▎     | 13/30 [00:00<00:00, 39.12it/s]
Animation 6: Wiggle(VGroup of 4 submobjects):  60%|██████    | 18/30 [00:00<00:00, 41.84it/s]
Animation 6: Wiggle(VGroup of 4 submobjects):  77%|███████▋  | 23/30 [00:00<00:00, 43.90it/s]
Animation 6: Wiggle(VGroup of 4 submobjects):  93%|█████████▎| 28/30 [00:00<00:00, 45.48it/s]
                                                                                             
╭───────────────────── Traceback (most recent call last) ──────────────────────╮
│ /usr/local/lib/python3.10/site-packages/manim/cli/render/commands.py:115 in  │
│ render                                                                       │
│                                                                              │
│   112 │   │   │   try:                                                       │
│   113 │   │   │   │   with tempconfig({}):                                   │
│   114 │   │   │   │   │   scene = SceneClass()                               │
│ ❱ 115 │   │   │   │   │   scene.render()                                     │
│   116 │   │   │   except Exception:                                          │
│   117 │   │   │   │   error_console.print_exception()                        │
│   118 │   │   │   │   sys.exit(1)                                            │
│                                                                              │
│ /usr/local/lib/python3.10/site-packages/manim/scene/scene.py:223 in render   │
│                                                                              │
│    220 │   │   """                                                           │
│    221 │   │   self.setup()                                                  │
│    222 │   │   try:                                                          │
│ ❱  223 │   │   │   self.construct()                                          │
│    224 │   │   except EndSceneEarlyException:                                │
│    225 │   │   │   pass                                                      │
│    226 │   │   except RerunSceneException as e:                              │
│                                                                              │
│ /render/scene.py:1518 in construct                                           │
│                                                                              │
│   1515 │   │   if callable(anim_method): self.play(*anim_method())           │
│   1516 │   │   else: self.play(Indicate(main_comp))                          │
│   1517 │   │   self.wait(5.666666666666667)                                  │
│ ❱ 1518 │   │   self.play(FadeOut(zones))                                     │
│   1519                                                                       │
╰──────────────────────────────────────────────────────────────────────────────╯
NameError: name 'zones' is not defined
